This file contains any messages produced by compilers while
running configure, to aid debugging if configure makes a mistake.

It was created by pcc-libs configure 1.2.0.DEVEL, which was
generated by GNU Autoconf 2.69.  Invocation command line was

  $ ./configure --build=i686-pc-linux-gnu --host=mipsel-unknown-litebsd0.1 --target=mipsel-unknown-litebsd0.1

## --------- ##
## Platform. ##
## --------- ##

hostname = debian
uname -m = i686
uname -r = 3.16.0-4-686-pae
uname -s = Linux
uname -v = #1 SMP Debian 3.16.7-ckt20-1+deb8u1 (2015-12-14)

/usr/bin/uname -p = unknown
/bin/uname -X     = unknown

/bin/arch              = unknown
/usr/bin/arch -k       = unknown
/usr/convex/getsysinfo = unknown
/usr/bin/hostinfo      = unknown
/bin/machine           = unknown
/usr/bin/oslevel       = unknown
/bin/universe          = unknown

PATH: /usr/local/bin
PATH: /usr/bin
PATH: /bin
PATH: /usr/local/games
PATH: /usr/games


## ----------- ##
## Core tests. ##
## ----------- ##

configure:1699: checking whether make sets $(MAKE)
configure:1721: result: yes
configure:1773: checking for a BSD-compatible install
configure:1841: result: /usr/bin/install -c
configure:1856: checking build system type
configure:1870: result: i686-pc-linux-gnu
configure:1890: checking host system type
configure:1903: result: mipsel-unknown-litebsd0.1
configure:1923: checking target system type
configure:1936: result: mipsel-unknown-litebsd0.1
configure:2102: checking for mipsel-unknown-litebsd0.1-pcc
configure:2132: result: no
configure:2102: checking for mipsel-unknown-litebsd0.1-gcc
configure:2132: result: no
configure:2102: checking for mipsel-unknown-litebsd0.1-cc
configure:2132: result: no
configure:2146: checking for pcc
configure:2162: found /usr/local/bin/pcc
configure:2173: result: pcc
configure:2189: WARNING: using cross tools not prefixed with host triplet
configure:2200: checking for mipsel-unknown-litebsd0.1-ar
configure:2230: result: no
configure:2240: checking for ar
configure:2256: found /usr/bin/ar
configure:2267: result: ar
configure:2292: checking for mipsel-unknown-litebsd0.1-ranlib
configure:2322: result: no
configure:2332: checking for ranlib
configure:2348: found /usr/bin/ranlib
configure:2359: result: ranlib
configure:2543: creating ./config.status

## ---------------------- ##
## Running config.status. ##
## ---------------------- ##

This file was extended by pcc-libs config.status 1.2.0.DEVEL, which was
generated by GNU Autoconf 2.69.  Invocation command line was

  CONFIG_FILES    = 
  CONFIG_HEADERS  = 
  CONFIG_LINKS    = 
  CONFIG_COMMANDS = 
  $ ./config.status 

on debian

config.status:742: creating Makefile
config.status:742: creating csu/Makefile
config.status:742: creating libsoftfloat/Makefile
config.status:742: creating libpcc/Makefile

## ---------------- ##
## Cache variables. ##
## ---------------- ##

ac_cv_build=i686-pc-linux-gnu
ac_cv_env_build_alias_set=set
ac_cv_env_build_alias_value=i686-pc-linux-gnu
ac_cv_env_host_alias_set=set
ac_cv_env_host_alias_value=mipsel-unknown-litebsd0.1
ac_cv_env_target_alias_set=set
ac_cv_env_target_alias_value=mipsel-unknown-litebsd0.1
ac_cv_host=mipsel-unknown-litebsd0.1
ac_cv_path_install='/usr/bin/install -c'
ac_cv_prog_ac_ct_AR=ar
ac_cv_prog_ac_ct_CC=pcc
ac_cv_prog_ac_ct_RANLIB=ranlib
ac_cv_prog_make_make_set=yes
ac_cv_target=mipsel-unknown-litebsd0.1

## ----------------- ##
## Output variables. ##
## ----------------- ##

AR='ar'
CC='pcc'
CFLAGS=''
CPPFLAGS=''
DEFS='-DPACKAGE_NAME=\"pcc-libs\" -DPACKAGE_TARNAME=\"pcc-libs\" -DPACKAGE_VERSION=\"1.2.0.DEVEL\" -DPACKAGE_STRING=\"pcc-libs\ 1.2.0.DEVEL\" -DPACKAGE_BUGREPORT=\"pcc@lists.ludd.ltu.se\" -DPACKAGE_URL=\"\"'
ECHO_C=''
ECHO_N='-n'
ECHO_T=''
ENDIAN_FLAG='-DTARGET_LITTLE_ENDIAN=1'
INSTALL_DATA='${INSTALL} -m 644'
INSTALL_PROGRAM='${INSTALL}'
INSTALL_SCRIPT='${INSTALL}'
LIBOBJS=''
LIBS=''
LTLIBOBJS=''
PACKAGE_BUGREPORT='pcc@lists.ludd.ltu.se'
PACKAGE_NAME='pcc-libs'
PACKAGE_STRING='pcc-libs 1.2.0.DEVEL'
PACKAGE_TARNAME='pcc-libs'
PACKAGE_URL=''
PACKAGE_VERSION='1.2.0.DEVEL'
PATH_SEPARATOR=':'
RANLIB='ranlib'
SET_MAKE=''
SHELL='/bin/bash'
ac_ct_CC='pcc'
bindir='${exec_prefix}/bin'
build='i686-pc-linux-gnu'
build_alias='i686-pc-linux-gnu'
build_cpu='i686'
build_os='linux-gnu'
build_vendor='pc'
datadir='${datarootdir}'
datarootdir='${prefix}/share'
docdir='${datarootdir}/doc/${PACKAGE_TARNAME}'
dvidir='${docdir}'
exec_prefix='${prefix}'
host='mipsel-unknown-litebsd0.1'
host_alias='mipsel-unknown-litebsd0.1'
host_cpu='mipsel'
host_os='litebsd0.1'
host_vendor='unknown'
htmldir='${docdir}'
includedir='${prefix}/include'
infodir='${datarootdir}/info'
libdir='${exec_prefix}/lib'
libexecdir='${exec_prefix}/libexec'
localedir='${datarootdir}/locale'
localstatedir='${prefix}/var'
mandir='${datarootdir}/man'
oldincludedir='/usr/include'
pdfdir='${docdir}'
prefix='/usr/local'
program_transform_name='s,x,x,'
psdir='${docdir}'
sbindir='${exec_prefix}/sbin'
sharedstatedir='${prefix}/com'
sysconfdir='${prefix}/etc'
target='mipsel-unknown-litebsd0.1'
target_alias='mipsel-unknown-litebsd0.1'
target_cpu='mipsel'
target_os='litebsd0.1'
target_vendor='unknown'
targmach='mips*'
targos='litebsd'
version='1.2.0.DEVEL'

## ----------- ##
## confdefs.h. ##
## ----------- ##

/* confdefs.h */
#define PACKAGE_NAME "pcc-libs"
#define PACKAGE_TARNAME "pcc-libs"
#define PACKAGE_VERSION "1.2.0.DEVEL"
#define PACKAGE_STRING "pcc-libs 1.2.0.DEVEL"
#define PACKAGE_BUGREPORT "pcc@lists.ludd.ltu.se"
#define PACKAGE_URL ""

configure: exit 0
